<?xml version="1.0" encoding="UTF-8"?>
<!-- Generated by org.testng.reporters.JUnitReportReporter -->
<testsuite hostname="Kalpesh" name="com.test.FormTest2" tests="1" failures="0" timestamp="25 Oct 2017 22:56:05 GMT" time="28.135" errors="0">
  <testcase name="phoneError" time="28.135" classname="com.test.FormTest2"/>
</testsuite> <!-- com.test.FormTest2 -->
